<?xml version="1.0" encoding="UTF-8"?>
<testsuite xmlns:xsi="http://www.w3.org/2001/XMLSchema-instance" xsi:noNamespaceSchemaLocation="https://maven.apache.org/surefire/maven-failsafe-plugin/xsd/failsafe-test-report.xsd" name="com.cicdlectures.menuserver.service.controller.MenuControllerIT" time="0.606" tests="1" errors="1" skipped="0" failures="0">
  <properties>
    <property name="java.specification.version" value="17"/>
    <property name="sun.jnu.encoding" value="UTF-8"/>
    <property name="java.class.path" value="/workspace/menu-server/target/test-classes:/workspace/menu-server/target/classes:/workspace/m2-repository/org/springframework/boot/spring-boot-starter-data-jpa/3.0.2/spring-boot-starter-data-jpa-3.0.2.jar:/workspace/m2-repository/org/springframework/boot/spring-boot-starter-aop/3.0.2/spring-boot-starter-aop-3.0.2.jar:/workspace/m2-repository/org/springframework/spring-aop/6.0.4/spring-aop-6.0.4.jar:/workspace/m2-repository/org/aspectj/aspectjweaver/1.9.19/aspectjweaver-1.9.19.jar:/workspace/m2-repository/org/springframework/boot/spring-boot-starter-jdbc/3.0.2/spring-boot-starter-jdbc-3.0.2.jar:/workspace/m2-repository/com/zaxxer/HikariCP/5.0.1/HikariCP-5.0.1.jar:/workspace/m2-repository/org/springframework/spring-jdbc/6.0.4/spring-jdbc-6.0.4.jar:/workspace/m2-repository/org/hibernate/orm/hibernate-core/6.1.6.Final/hibernate-core-6.1.6.Final.jar:/workspace/m2-repository/jakarta/persistence/jakarta.persistence-api/3.1.0/jakarta.persistence-api-3.1.0.jar:/workspace/m2-repository/jakarta/transaction/jakarta.transaction-api/2.0.1/jakarta.transaction-api-2.0.1.jar:/workspace/m2-repository/org/jboss/logging/jboss-logging/3.5.0.Final/jboss-logging-3.5.0.Final.jar:/workspace/m2-repository/org/hibernate/common/hibernate-commons-annotations/6.0.2.Final/hibernate-commons-annotations-6.0.2.Final.jar:/workspace/m2-repository/org/jboss/jandex/2.4.2.Final/jandex-2.4.2.Final.jar:/workspace/m2-repository/com/fasterxml/classmate/1.5.1/classmate-1.5.1.jar:/workspace/m2-repository/net/bytebuddy/byte-buddy/1.12.22/byte-buddy-1.12.22.jar:/workspace/m2-repository/org/glassfish/jaxb/jaxb-runtime/4.0.1/jaxb-runtime-4.0.1.jar:/workspace/m2-repository/org/glassfish/jaxb/jaxb-core/4.0.1/jaxb-core-4.0.1.jar:/workspace/m2-repository/org/eclipse/angus/angus-activation/1.0.0/angus-activation-1.0.0.jar:/workspace/m2-repository/org/glassfish/jaxb/txw2/4.0.1/txw2-4.0.1.jar:/workspace/m2-repository/com/sun/istack/istack-commons-runtime/4.1.1/istack-commons-runtime-4.1.1.jar:/workspace/m2-repository/jakarta/inject/jakarta.inject-api/2.0.0/jakarta.inject-api-2.0.0.jar:/workspace/m2-repository/org/antlr/antlr4-runtime/4.10.1/antlr4-runtime-4.10.1.jar:/workspace/m2-repository/org/springframework/data/spring-data-jpa/3.0.1/spring-data-jpa-3.0.1.jar:/workspace/m2-repository/org/springframework/data/spring-data-commons/3.0.1/spring-data-commons-3.0.1.jar:/workspace/m2-repository/org/springframework/spring-orm/6.0.4/spring-orm-6.0.4.jar:/workspace/m2-repository/org/springframework/spring-context/6.0.4/spring-context-6.0.4.jar:/workspace/m2-repository/org/springframework/spring-tx/6.0.4/spring-tx-6.0.4.jar:/workspace/m2-repository/org/springframework/spring-beans/6.0.4/spring-beans-6.0.4.jar:/workspace/m2-repository/jakarta/annotation/jakarta.annotation-api/2.1.1/jakarta.annotation-api-2.1.1.jar:/workspace/m2-repository/org/slf4j/slf4j-api/2.0.6/slf4j-api-2.0.6.jar:/workspace/m2-repository/org/springframework/spring-aspects/6.0.4/spring-aspects-6.0.4.jar:/workspace/m2-repository/org/springframework/boot/spring-boot-starter-web/3.0.2/spring-boot-starter-web-3.0.2.jar:/workspace/m2-repository/org/springframework/boot/spring-boot-starter/3.0.2/spring-boot-starter-3.0.2.jar:/workspace/m2-repository/org/springframework/boot/spring-boot/3.0.2/spring-boot-3.0.2.jar:/workspace/m2-repository/org/springframework/boot/spring-boot-autoconfigure/3.0.2/spring-boot-autoconfigure-3.0.2.jar:/workspace/m2-repository/org/springframework/boot/spring-boot-starter-logging/3.0.2/spring-boot-starter-logging-3.0.2.jar:/workspace/m2-repository/ch/qos/logback/logback-classic/1.4.5/logback-classic-1.4.5.jar:/workspace/m2-repository/ch/qos/logback/logback-core/1.4.5/logback-core-1.4.5.jar:/workspace/m2-repository/org/apache/logging/log4j/log4j-to-slf4j/2.19.0/log4j-to-slf4j-2.19.0.jar:/workspace/m2-repository/org/apache/logging/log4j/log4j-api/2.19.0/log4j-api-2.19.0.jar:/workspace/m2-repository/org/slf4j/jul-to-slf4j/2.0.6/jul-to-slf4j-2.0.6.jar:/workspace/m2-repository/org/yaml/snakeyaml/1.33/snakeyaml-1.33.jar:/workspace/m2-repository/org/springframework/boot/spring-boot-starter-json/3.0.2/spring-boot-starter-json-3.0.2.jar:/workspace/m2-repository/com/fasterxml/jackson/core/jackson-databind/2.14.1/jackson-databind-2.14.1.jar:/workspace/m2-repository/com/fasterxml/jackson/core/jackson-annotations/2.14.1/jackson-annotations-2.14.1.jar:/workspace/m2-repository/com/fasterxml/jackson/core/jackson-core/2.14.1/jackson-core-2.14.1.jar:/workspace/m2-repository/com/fasterxml/jackson/datatype/jackson-datatype-jdk8/2.14.1/jackson-datatype-jdk8-2.14.1.jar:/workspace/m2-repository/com/fasterxml/jackson/datatype/jackson-datatype-jsr310/2.14.1/jackson-datatype-jsr310-2.14.1.jar:/workspace/m2-repository/com/fasterxml/jackson/module/jackson-module-parameter-names/2.14.1/jackson-module-parameter-names-2.14.1.jar:/workspace/m2-repository/org/springframework/boot/spring-boot-starter-tomcat/3.0.2/spring-boot-starter-tomcat-3.0.2.jar:/workspace/m2-repository/org/apache/tomcat/embed/tomcat-embed-core/10.1.5/tomcat-embed-core-10.1.5.jar:/workspace/m2-repository/org/apache/tomcat/embed/tomcat-embed-el/10.1.5/tomcat-embed-el-10.1.5.jar:/workspace/m2-repository/org/apache/tomcat/embed/tomcat-embed-websocket/10.1.5/tomcat-embed-websocket-10.1.5.jar:/workspace/m2-repository/org/springframework/spring-web/6.0.4/spring-web-6.0.4.jar:/workspace/m2-repository/io/micrometer/micrometer-observation/1.10.3/micrometer-observation-1.10.3.jar:/workspace/m2-repository/io/micrometer/micrometer-commons/1.10.3/micrometer-commons-1.10.3.jar:/workspace/m2-repository/org/springframework/spring-webmvc/6.0.4/spring-webmvc-6.0.4.jar:/workspace/m2-repository/org/springframework/spring-expression/6.0.4/spring-expression-6.0.4.jar:/workspace/m2-repository/org/projectlombok/lombok/1.18.24/lombok-1.18.24.jar:/workspace/m2-repository/com/h2database/h2/2.1.214/h2-2.1.214.jar:/workspace/m2-repository/org/springframework/boot/spring-boot-starter-test/3.0.2/spring-boot-starter-test-3.0.2.jar:/workspace/m2-repository/org/springframework/boot/spring-boot-test/3.0.2/spring-boot-test-3.0.2.jar:/workspace/m2-repository/org/springframework/boot/spring-boot-test-autoconfigure/3.0.2/spring-boot-test-autoconfigure-3.0.2.jar:/workspace/m2-repository/com/jayway/jsonpath/json-path/2.7.0/json-path-2.7.0.jar:/workspace/m2-repository/net/minidev/json-smart/2.4.8/json-smart-2.4.8.jar:/workspace/m2-repository/net/minidev/accessors-smart/2.4.8/accessors-smart-2.4.8.jar:/workspace/m2-repository/org/ow2/asm/asm/9.1/asm-9.1.jar:/workspace/m2-repository/jakarta/xml/bind/jakarta.xml.bind-api/4.0.0/jakarta.xml.bind-api-4.0.0.jar:/workspace/m2-repository/jakarta/activation/jakarta.activation-api/2.1.1/jakarta.activation-api-2.1.1.jar:/workspace/m2-repository/org/assertj/assertj-core/3.23.1/assertj-core-3.23.1.jar:/workspace/m2-repository/org/hamcrest/hamcrest/2.2/hamcrest-2.2.jar:/workspace/m2-repository/org/junit/jupiter/junit-jupiter/5.9.2/junit-jupiter-5.9.2.jar:/workspace/m2-repository/org/junit/jupiter/junit-jupiter-api/5.9.2/junit-jupiter-api-5.9.2.jar:/workspace/m2-repository/org/opentest4j/opentest4j/1.2.0/opentest4j-1.2.0.jar:/workspace/m2-repository/org/junit/platform/junit-platform-commons/1.9.2/junit-platform-commons-1.9.2.jar:/workspace/m2-repository/org/apiguardian/apiguardian-api/1.1.2/apiguardian-api-1.1.2.jar:/workspace/m2-repository/org/junit/jupiter/junit-jupiter-params/5.9.2/junit-jupiter-params-5.9.2.jar:/workspace/m2-repository/org/junit/jupiter/junit-jupiter-engine/5.9.2/junit-jupiter-engine-5.9.2.jar:/workspace/m2-repository/org/junit/platform/junit-platform-engine/1.9.2/junit-platform-engine-1.9.2.jar:/workspace/m2-repository/org/mockito/mockito-core/4.8.1/mockito-core-4.8.1.jar:/workspace/m2-repository/net/bytebuddy/byte-buddy-agent/1.12.22/byte-buddy-agent-1.12.22.jar:/workspace/m2-repository/org/objenesis/objenesis/3.2/objenesis-3.2.jar:/workspace/m2-repository/org/mockito/mockito-junit-jupiter/4.8.1/mockito-junit-jupiter-4.8.1.jar:/workspace/m2-repository/org/skyscreamer/jsonassert/1.5.1/jsonassert-1.5.1.jar:/workspace/m2-repository/com/vaadin/external/google/android-json/0.0.20131108.vaadin1/android-json-0.0.20131108.vaadin1.jar:/workspace/m2-repository/org/springframework/spring-core/6.0.4/spring-core-6.0.4.jar:/workspace/m2-repository/org/springframework/spring-jcl/6.0.4/spring-jcl-6.0.4.jar:/workspace/m2-repository/org/springframework/spring-test/6.0.4/spring-test-6.0.4.jar:/workspace/m2-repository/org/xmlunit/xmlunit-core/2.9.1/xmlunit-core-2.9.1.jar:"/>
    <property name="java.vm.vendor" value="Azul Systems, Inc."/>
    <property name="sun.arch.data.model" value="64"/>
    <property name="java.vendor.url" value="http://www.azul.com/"/>
    <property name="os.name" value="Linux"/>
    <property name="java.vm.specification.version" value="17"/>
    <property name="sun.java.launcher" value="SUN_STANDARD"/>
    <property name="user.country" value="US"/>
    <property name="sun.boot.library.path" value="/home/gitpod/.sdkman/candidates/java/17.0.6-zulu/lib"/>
    <property name="sun.java.command" value="/workspace/menu-server/target/surefire/surefirebooter2935522748975838723.jar /workspace/menu-server/target/surefire 2023-03-15T12-54-12_045-jvmRun1 surefire10239273230433554613tmp surefire_015384859016356275528tmp"/>
    <property name="jdk.debug" value="release"/>
    <property name="surefire.test.class.path" value="/workspace/menu-server/target/test-classes:/workspace/menu-server/target/classes:/workspace/m2-repository/org/springframework/boot/spring-boot-starter-data-jpa/3.0.2/spring-boot-starter-data-jpa-3.0.2.jar:/workspace/m2-repository/org/springframework/boot/spring-boot-starter-aop/3.0.2/spring-boot-starter-aop-3.0.2.jar:/workspace/m2-repository/org/springframework/spring-aop/6.0.4/spring-aop-6.0.4.jar:/workspace/m2-repository/org/aspectj/aspectjweaver/1.9.19/aspectjweaver-1.9.19.jar:/workspace/m2-repository/org/springframework/boot/spring-boot-starter-jdbc/3.0.2/spring-boot-starter-jdbc-3.0.2.jar:/workspace/m2-repository/com/zaxxer/HikariCP/5.0.1/HikariCP-5.0.1.jar:/workspace/m2-repository/org/springframework/spring-jdbc/6.0.4/spring-jdbc-6.0.4.jar:/workspace/m2-repository/org/hibernate/orm/hibernate-core/6.1.6.Final/hibernate-core-6.1.6.Final.jar:/workspace/m2-repository/jakarta/persistence/jakarta.persistence-api/3.1.0/jakarta.persistence-api-3.1.0.jar:/workspace/m2-repository/jakarta/transaction/jakarta.transaction-api/2.0.1/jakarta.transaction-api-2.0.1.jar:/workspace/m2-repository/org/jboss/logging/jboss-logging/3.5.0.Final/jboss-logging-3.5.0.Final.jar:/workspace/m2-repository/org/hibernate/common/hibernate-commons-annotations/6.0.2.Final/hibernate-commons-annotations-6.0.2.Final.jar:/workspace/m2-repository/org/jboss/jandex/2.4.2.Final/jandex-2.4.2.Final.jar:/workspace/m2-repository/com/fasterxml/classmate/1.5.1/classmate-1.5.1.jar:/workspace/m2-repository/net/bytebuddy/byte-buddy/1.12.22/byte-buddy-1.12.22.jar:/workspace/m2-repository/org/glassfish/jaxb/jaxb-runtime/4.0.1/jaxb-runtime-4.0.1.jar:/workspace/m2-repository/org/glassfish/jaxb/jaxb-core/4.0.1/jaxb-core-4.0.1.jar:/workspace/m2-repository/org/eclipse/angus/angus-activation/1.0.0/angus-activation-1.0.0.jar:/workspace/m2-repository/org/glassfish/jaxb/txw2/4.0.1/txw2-4.0.1.jar:/workspace/m2-repository/com/sun/istack/istack-commons-runtime/4.1.1/istack-commons-runtime-4.1.1.jar:/workspace/m2-repository/jakarta/inject/jakarta.inject-api/2.0.0/jakarta.inject-api-2.0.0.jar:/workspace/m2-repository/org/antlr/antlr4-runtime/4.10.1/antlr4-runtime-4.10.1.jar:/workspace/m2-repository/org/springframework/data/spring-data-jpa/3.0.1/spring-data-jpa-3.0.1.jar:/workspace/m2-repository/org/springframework/data/spring-data-commons/3.0.1/spring-data-commons-3.0.1.jar:/workspace/m2-repository/org/springframework/spring-orm/6.0.4/spring-orm-6.0.4.jar:/workspace/m2-repository/org/springframework/spring-context/6.0.4/spring-context-6.0.4.jar:/workspace/m2-repository/org/springframework/spring-tx/6.0.4/spring-tx-6.0.4.jar:/workspace/m2-repository/org/springframework/spring-beans/6.0.4/spring-beans-6.0.4.jar:/workspace/m2-repository/jakarta/annotation/jakarta.annotation-api/2.1.1/jakarta.annotation-api-2.1.1.jar:/workspace/m2-repository/org/slf4j/slf4j-api/2.0.6/slf4j-api-2.0.6.jar:/workspace/m2-repository/org/springframework/spring-aspects/6.0.4/spring-aspects-6.0.4.jar:/workspace/m2-repository/org/springframework/boot/spring-boot-starter-web/3.0.2/spring-boot-starter-web-3.0.2.jar:/workspace/m2-repository/org/springframework/boot/spring-boot-starter/3.0.2/spring-boot-starter-3.0.2.jar:/workspace/m2-repository/org/springframework/boot/spring-boot/3.0.2/spring-boot-3.0.2.jar:/workspace/m2-repository/org/springframework/boot/spring-boot-autoconfigure/3.0.2/spring-boot-autoconfigure-3.0.2.jar:/workspace/m2-repository/org/springframework/boot/spring-boot-starter-logging/3.0.2/spring-boot-starter-logging-3.0.2.jar:/workspace/m2-repository/ch/qos/logback/logback-classic/1.4.5/logback-classic-1.4.5.jar:/workspace/m2-repository/ch/qos/logback/logback-core/1.4.5/logback-core-1.4.5.jar:/workspace/m2-repository/org/apache/logging/log4j/log4j-to-slf4j/2.19.0/log4j-to-slf4j-2.19.0.jar:/workspace/m2-repository/org/apache/logging/log4j/log4j-api/2.19.0/log4j-api-2.19.0.jar:/workspace/m2-repository/org/slf4j/jul-to-slf4j/2.0.6/jul-to-slf4j-2.0.6.jar:/workspace/m2-repository/org/yaml/snakeyaml/1.33/snakeyaml-1.33.jar:/workspace/m2-repository/org/springframework/boot/spring-boot-starter-json/3.0.2/spring-boot-starter-json-3.0.2.jar:/workspace/m2-repository/com/fasterxml/jackson/core/jackson-databind/2.14.1/jackson-databind-2.14.1.jar:/workspace/m2-repository/com/fasterxml/jackson/core/jackson-annotations/2.14.1/jackson-annotations-2.14.1.jar:/workspace/m2-repository/com/fasterxml/jackson/core/jackson-core/2.14.1/jackson-core-2.14.1.jar:/workspace/m2-repository/com/fasterxml/jackson/datatype/jackson-datatype-jdk8/2.14.1/jackson-datatype-jdk8-2.14.1.jar:/workspace/m2-repository/com/fasterxml/jackson/datatype/jackson-datatype-jsr310/2.14.1/jackson-datatype-jsr310-2.14.1.jar:/workspace/m2-repository/com/fasterxml/jackson/module/jackson-module-parameter-names/2.14.1/jackson-module-parameter-names-2.14.1.jar:/workspace/m2-repository/org/springframework/boot/spring-boot-starter-tomcat/3.0.2/spring-boot-starter-tomcat-3.0.2.jar:/workspace/m2-repository/org/apache/tomcat/embed/tomcat-embed-core/10.1.5/tomcat-embed-core-10.1.5.jar:/workspace/m2-repository/org/apache/tomcat/embed/tomcat-embed-el/10.1.5/tomcat-embed-el-10.1.5.jar:/workspace/m2-repository/org/apache/tomcat/embed/tomcat-embed-websocket/10.1.5/tomcat-embed-websocket-10.1.5.jar:/workspace/m2-repository/org/springframework/spring-web/6.0.4/spring-web-6.0.4.jar:/workspace/m2-repository/io/micrometer/micrometer-observation/1.10.3/micrometer-observation-1.10.3.jar:/workspace/m2-repository/io/micrometer/micrometer-commons/1.10.3/micrometer-commons-1.10.3.jar:/workspace/m2-repository/org/springframework/spring-webmvc/6.0.4/spring-webmvc-6.0.4.jar:/workspace/m2-repository/org/springframework/spring-expression/6.0.4/spring-expression-6.0.4.jar:/workspace/m2-repository/org/projectlombok/lombok/1.18.24/lombok-1.18.24.jar:/workspace/m2-repository/com/h2database/h2/2.1.214/h2-2.1.214.jar:/workspace/m2-repository/org/springframework/boot/spring-boot-starter-test/3.0.2/spring-boot-starter-test-3.0.2.jar:/workspace/m2-repository/org/springframework/boot/spring-boot-test/3.0.2/spring-boot-test-3.0.2.jar:/workspace/m2-repository/org/springframework/boot/spring-boot-test-autoconfigure/3.0.2/spring-boot-test-autoconfigure-3.0.2.jar:/workspace/m2-repository/com/jayway/jsonpath/json-path/2.7.0/json-path-2.7.0.jar:/workspace/m2-repository/net/minidev/json-smart/2.4.8/json-smart-2.4.8.jar:/workspace/m2-repository/net/minidev/accessors-smart/2.4.8/accessors-smart-2.4.8.jar:/workspace/m2-repository/org/ow2/asm/asm/9.1/asm-9.1.jar:/workspace/m2-repository/jakarta/xml/bind/jakarta.xml.bind-api/4.0.0/jakarta.xml.bind-api-4.0.0.jar:/workspace/m2-repository/jakarta/activation/jakarta.activation-api/2.1.1/jakarta.activation-api-2.1.1.jar:/workspace/m2-repository/org/assertj/assertj-core/3.23.1/assertj-core-3.23.1.jar:/workspace/m2-repository/org/hamcrest/hamcrest/2.2/hamcrest-2.2.jar:/workspace/m2-repository/org/junit/jupiter/junit-jupiter/5.9.2/junit-jupiter-5.9.2.jar:/workspace/m2-repository/org/junit/jupiter/junit-jupiter-api/5.9.2/junit-jupiter-api-5.9.2.jar:/workspace/m2-repository/org/opentest4j/opentest4j/1.2.0/opentest4j-1.2.0.jar:/workspace/m2-repository/org/junit/platform/junit-platform-commons/1.9.2/junit-platform-commons-1.9.2.jar:/workspace/m2-repository/org/apiguardian/apiguardian-api/1.1.2/apiguardian-api-1.1.2.jar:/workspace/m2-repository/org/junit/jupiter/junit-jupiter-params/5.9.2/junit-jupiter-params-5.9.2.jar:/workspace/m2-repository/org/junit/jupiter/junit-jupiter-engine/5.9.2/junit-jupiter-engine-5.9.2.jar:/workspace/m2-repository/org/junit/platform/junit-platform-engine/1.9.2/junit-platform-engine-1.9.2.jar:/workspace/m2-repository/org/mockito/mockito-core/4.8.1/mockito-core-4.8.1.jar:/workspace/m2-repository/net/bytebuddy/byte-buddy-agent/1.12.22/byte-buddy-agent-1.12.22.jar:/workspace/m2-repository/org/objenesis/objenesis/3.2/objenesis-3.2.jar:/workspace/m2-repository/org/mockito/mockito-junit-jupiter/4.8.1/mockito-junit-jupiter-4.8.1.jar:/workspace/m2-repository/org/skyscreamer/jsonassert/1.5.1/jsonassert-1.5.1.jar:/workspace/m2-repository/com/vaadin/external/google/android-json/0.0.20131108.vaadin1/android-json-0.0.20131108.vaadin1.jar:/workspace/m2-repository/org/springframework/spring-core/6.0.4/spring-core-6.0.4.jar:/workspace/m2-repository/org/springframework/spring-jcl/6.0.4/spring-jcl-6.0.4.jar:/workspace/m2-repository/org/springframework/spring-test/6.0.4/spring-test-6.0.4.jar:/workspace/m2-repository/org/xmlunit/xmlunit-core/2.9.1/xmlunit-core-2.9.1.jar:"/>
    <property name="sun.cpu.endian" value="little"/>
    <property name="user.home" value="/home/gitpod"/>
    <property name="user.language" value="en"/>
    <property name="java.specification.vendor" value="Oracle Corporation"/>
    <property name="java.version.date" value="2023-01-17"/>
    <property name="java.home" value="/home/gitpod/.sdkman/candidates/java/17.0.6-zulu"/>
    <property name="file.separator" value="/"/>
    <property name="basedir" value="/workspace/menu-server"/>
    <property name="java.vm.compressedOopsMode" value="Zero based"/>
    <property name="line.separator" value="&#10;"/>
    <property name="java.vm.specification.vendor" value="Oracle Corporation"/>
    <property name="java.specification.name" value="Java Platform API Specification"/>
    <property name="surefire.real.class.path" value="/workspace/menu-server/target/surefire/surefirebooter2935522748975838723.jar"/>
    <property name="sun.management.compiler" value="HotSpot 64-Bit Tiered Compilers"/>
    <property name="java.runtime.version" value="17.0.6+10-LTS"/>
    <property name="user.name" value="gitpod"/>
    <property name="path.separator" value=":"/>
    <property name="os.version" value="5.15.0-47-generic"/>
    <property name="java.runtime.name" value="OpenJDK Runtime Environment"/>
    <property name="file.encoding" value="UTF-8"/>
    <property name="java.vm.name" value="OpenJDK 64-Bit Server VM"/>
    <property name="java.vendor.version" value="Zulu17.40+19-CA"/>
    <property name="localRepository" value="/workspace/m2-repository"/>
    <property name="java.vendor.url.bug" value="http://www.azul.com/support/"/>
    <property name="java.io.tmpdir" value="/tmp"/>
    <property name="java.version" value="17.0.6"/>
    <property name="user.dir" value="/workspace/menu-server"/>
    <property name="os.arch" value="amd64"/>
    <property name="java.vm.specification.name" value="Java Virtual Machine Specification"/>
    <property name="native.encoding" value="UTF-8"/>
    <property name="java.library.path" value="/usr/java/packages/lib:/usr/lib64:/lib64:/lib:/usr/lib"/>
    <property name="java.vm.info" value="mixed mode, sharing"/>
    <property name="java.vendor" value="Azul Systems, Inc."/>
    <property name="java.vm.version" value="17.0.6+10-LTS"/>
    <property name="sun.io.unicode.encoding" value="UnicodeLittle"/>
    <property name="java.class.version" value="61.0"/>
  </properties>
  <testcase name="listsAllMenus" classname="com.cicdlectures.menuserver.service.controller.MenuControllerIT" time="0.009">
    <error message="Unresolved compilation problem: &#10;	The declared package &quot;com.cicdlectures.menuserver.controller&quot; does not match the expected package &quot;com.cicdlectures.menuserver.service.controller&quot;&#10;" type="java.lang.Error"><![CDATA[java.lang.Error: 
Unresolved compilation problem: 
	The declared package "com.cicdlectures.menuserver.controller" does not match the expected package "com.cicdlectures.menuserver.service.controller"

	at com.cicdlectures.menuserver.service.controller.MenuControllerIT.<init>(MenuControllerIT.java:1)
]]></error>
    <system-out><![CDATA[12:54:13.959 [main] DEBUG org.springframework.boot.test.context.SpringBootTestContextBootstrapper - Neither @ContextConfiguration nor @ContextHierarchy found for test class [MenuControllerIT]: using SpringBootContextLoader
12:54:13.964 [main] DEBUG org.springframework.test.context.support.AbstractContextLoader - Could not detect default resource locations for test class [com.cicdlectures.menuserver.service.controller.MenuControllerIT]: no resource found for suffixes {-context.xml, Context.groovy}.
12:54:13.965 [main] INFO org.springframework.test.context.support.AnnotationConfigContextLoaderUtils - Could not detect default configuration classes for test class [com.cicdlectures.menuserver.service.controller.MenuControllerIT]: MenuControllerIT does not declare any static, non-private, non-final, nested classes annotated with @Configuration.
12:54:13.993 [main] DEBUG org.springframework.boot.test.context.SpringBootTestContextBootstrapper - Using ContextCustomizers for test class [MenuControllerIT]: [ExcludeFilterContextCustomizer, DuplicateJsonObjectContextCustomizer, MockitoContextCustomizer, TestRestTemplateContextCustomizer, DisableObservabilityContextCustomizer, PropertyMappingContextCustomizer, Customizer]
12:54:14.151 [main] DEBUG org.springframework.context.annotation.ClassPathScanningCandidateComponentProvider - Identified candidate component class: file [/workspace/menu-server/target/classes/com/cicdlectures/menuserver/MenuServerApplication.class]
12:54:14.153 [main] INFO org.springframework.boot.test.context.SpringBootTestContextBootstrapper - Found @SpringBootConfiguration com.cicdlectures.menuserver.MenuServerApplication for test class com.cicdlectures.menuserver.service.controller.MenuControllerIT
12:54:14.296 [main] DEBUG org.springframework.boot.test.context.SpringBootTestContextBootstrapper - Using TestExecutionListeners for test class [MenuControllerIT]: [ServletTestExecutionListener, DirtiesContextBeforeModesTestExecutionListener, ApplicationEventsTestExecutionListener, MockitoTestExecutionListener, DependencyInjectionTestExecutionListener, DirtiesContextTestExecutionListener, TransactionalTestExecutionListener, SqlScriptsTestExecutionListener, EventPublishingTestExecutionListener, ResetMocksTestExecutionListener, RestDocsTestExecutionListener, MockRestServiceServerResetTestExecutionListener, MockMvcPrintOnlyOnFailureTestExecutionListener, WebDriverTestExecutionListener, MockWebServiceServerTestExecutionListener]
12:54:14.297 [main] DEBUG org.springframework.test.context.support.AbstractDirtiesContextTestExecutionListener - Before test class: class [MenuControllerIT], class annotated with @DirtiesContext [true] with mode [BEFORE_EACH_TEST_METHOD]
]]></system-out>
  </testcase>
</testsuite>